<?xml version="1.0" encoding="UTF-8"?>
<testng-results ignored="0" total="1" passed="1" failed="0" skipped="0">
  <reporter-output>
  </reporter-output>
  <suite started-at="2022-08-04T09:02:29 IST" name="Default suite" finished-at="2022-08-04T09:02:29 IST" duration-ms="80">
    <groups>
    </groups>
    <test started-at="2022-08-04T09:02:29 IST" name="Default test" finished-at="2022-08-04T09:02:29 IST" duration-ms="80">
      <class name="AssignmentScenarioes.Assignment2">
        <test-method signature="minimizeFlyoutWindow()[pri:4, instance:AssignmentScenarioes.Assignment2@63a12c68]" started-at="2022-08-04T09:02:29 IST" name="minimizeFlyoutWindow" finished-at="2022-08-04T09:02:29 IST" duration-ms="29" status="PASS">
          <reporter-output>
          </reporter-output>
        </test-method> <!-- minimizeFlyoutWindow -->
      </class> <!-- AssignmentScenarioes.Assignment2 -->
    </test> <!-- Default test -->
  </suite> <!-- Default suite -->
</testng-results>
